<?xml version="1.0" encoding="UTF-8" ?>
<testsuites>
  <testsuite errors="0" failures="0" hostname="F-XPWS-04407" id="0" name="AllTests" package="de.dnb.music" tests="64" time="0.25" timestamp="2012-03-15T08:43:50">
      <properties>
[...]
</properties>

      <testcase classname="de.dnb.music.mediumOfPerformance.InstrumentDBTest" name="testMatchInstrument" time="0.016" />

      <testcase classname="de.dnb.music.mediumOfPerformance.InstrumentDBTest" name="testRest" time="0.0" />

      <testcase classname="de.dnb.music.mediumOfPerformance.InstrumentDBTest" name="testVorzugsbenennung" time="0.0" />

      <testcase classname="de.dnb.music.mediumOfPerformance.InstrumentDBTest" name="testPrefix" time="0.0" />

      <testcase classname="de.dnb.music.mediumOfPerformance.InstrumentDBTest" name="testDatabaseConsistency" time="0.0" />

      <testcase classname="de.dnb.music.mediumOfPerformance.ParseInstrumentationTest" name="testParse" time="0.0" />

      <testcase classname="de.dnb.music.mediumOfPerformance.ParseInstrumentationTest" name="testParseSingleInstrument" time="0.015" />

      <testcase classname="de.dnb.music.mediumOfPerformance.ParseInstrumentationTest" name="test380" time="0.016" />

      <testcase classname="de.dnb.music.mediumOfPerformance.ParseInstrumentationTest" name="test130" time="0.0" />

      <testcase classname="de.dnb.music.genre.GenreDBTest" name="testPrefix" time="0.0" />

      <testcase classname="de.dnb.music.genre.GenreDBTest" name="testDatabaseConsistency" time="0.0" />

      <testcase classname="de.dnb.music.genre.GenreDBTest" name="testMatchGattung" time="0.0" />

      <testcase classname="de.dnb.music.genre.ParseGenreTest" name="test380" time="0.0" />

      <testcase classname="de.dnb.music.genre.ParseGenreTest" name="testParseSeparatorPlusGenre" time="0.0" />

      <testcase classname="de.dnb.music.genre.ParseGenreTest" name="testParseGenreList" time="0.0" />

      <testcase classname="de.dnb.music.additionalInformation.TonartTest" name="testGetGND1XX" time="0.0" />

      <testcase classname="de.dnb.music.additionalInformation.TonartTest" name="testGetGND3XX" time="0.0" />

      <testcase classname="de.dnb.music.additionalInformation.ZusatzangabeTest" name="testGetGND1XX" time="0.0" />

      <testcase classname="de.dnb.music.additionalInformation.ZusatzangabeTest" name="testGetGND3XX" time="0.0" />

      <testcase classname="de.dnb.music.genre.ParseGenreTest" name="test380" time="0.0" />

      <testcase classname="de.dnb.music.genre.ParseGenreTest" name="testParseSeparatorPlusGenre" time="0.0" />

      <testcase classname="de.dnb.music.genre.ParseGenreTest" name="testParseGenreList" time="0.0" />

      <testcase classname="de.dnb.music.title.ParseMusicTitleTest" name="testParseMitFassung" time="0.0" />

      <testcase classname="de.dnb.music.title.ParseMusicTitleTest" name="testParseGND" time="0.0" />

      <testcase classname="de.dnb.music.title.ParseMusicTitleTest" name="testParseMitOrdnungshilfeUndGruppe" time="0.0" />

      <testcase classname="de.dnb.music.title.ParseMusicTitleTest" name="testParseOhneFassung" time="0.0" />

      <testcase classname="de.dnb.music.version.ParseVersionTest" name="testParseFassung" time="0.0" />

      <testcase classname="de.dnb.music.version.VersionTest" name="testGetGND1XX" time="0.0" />

      <testcase classname="de.dnb.music.version.VersionTest" name="testGetFallgruppeParagraphM511" time="0.0" />

      <testcase classname="de.dnb.music.version.VersionTest" name="testAsRAK" time="0.0" />

      <testcase classname="de.dnb.music.publicInterface.Transform130Test" name="testTransform" time="0.0" />

      <testcase classname="utils.StringUtilsTest" name="testfindLongestPrefix" time="0.0" />

      <testcase classname="utils.StringUtilsTest" name="testContainsOrdnungsgruppe" time="0.0" />

      <testcase classname="utils.StringUtilsTest" name="testSplitWerkteile" time="0.0" />

      <testcase classname="utils.StringUtilsTest" name="testContainsOrdnungshilfe" time="0.0" />

      <testcase classname="utils.StringUtilsTest" name="testGnd2Pica" time="0.0" />

      <testcase classname="utils.StringUtilsTest" name="testDma2gnd" time="0.0" />

      <testcase classname="utils.StringUtilsTest" name="testDma2GND430" time="0.0" />

      <testcase classname="utils.StringUtilsTest" name="testContainsYear" time="0.0" />

      <testcase classname="utils.StringUtilsTest" name="testMatchesPrecisely" time="0.0" />

      <testcase classname="utils.StringUtilsTest" name="testEinruecken" time="0.0" />

      <testcase classname="utils.StringUtilsTest" name="testStripBlanksAndCommas" time="0.0" />

      <testcase classname="de.dnb.music.genre.GenreListTest" name="testGetGND1XX" time="0.0" />

      <testcase classname="de.dnb.music.genre.GenreListTest" name="testGetGND3XX" time="0.0" />

      <testcase classname="de.dnb.music.genre.GenreListTest" name="testAsRAK" time="0.0" />

      <testcase classname="de.dnb.music.genre.GenreListTest" name="testAsRSWK" time="0.0" />

      <testcase classname="de.dnb.music.title.PartOfWorkTest" name="testGetGND1XX" time="0.0" />

      <testcase classname="de.dnb.music.title.PartOfWorkTest" name="testRAK" time="0.0" />

      <testcase classname="de.dnb.music.title.PartOfWorkTest" name="testGetGND530" time="0.0" />

      <testcase classname="de.dnb.music.visitor.AuthorityDataIn3XXVisitorTest" name="test1Instrument" time="0.0" />

      <testcase classname="de.dnb.music.visitor.AuthorityDataIn3XXVisitorTest" name="test2Instrument" time="0.0" />

      <testcase classname="de.dnb.music.visitor.AuthorityDataIn3XXVisitorTest" name="test2Plus1Instrument" time="0.0" />

      <testcase classname="de.dnb.music.visitor.AuthorityDataIn3XXVisitorTest" name="test2Plus2Instrument" time="0.0" />

      <testcase classname="de.dnb.music.visitor.AuthorityDataIn3XXVisitorTest" name="test2Plus1InstrumentForce" time="0.0" />

      <testcase classname="de.dnb.music.visitor.AuthorityDataIn3XXVisitorTest" name="testGenre" time="0.0" />

      <testcase classname="de.dnb.music.visitor.AdditionalDataIn3XXVisitorTest" name="testAll" time="0.0" />

      <testcase classname="de.dnb.music.visitor.AdditionalDataIn3XXVisitorTest" name="testVisitDoubleDateOfComposition" time="0.0" />

      <testcase classname="de.dnb.music.visitor.AdditionalDataIn3XXVisitorTest" name="testVisitKey" time="0.0" />

      <testcase classname="de.dnb.music.visitor.AdditionalDataIn3XXVisitorTest" name="testVisitDoubleKey" time="0.0" />

      <testcase classname="de.dnb.music.visitor.AdditionalDataIn3XXVisitorTest" name="testVisitOpusNumber" time="0.0" />

      <testcase classname="de.dnb.music.visitor.AdditionalDataIn3XXVisitorTest" name="testVisitDoubleOpusNumber" time="0.0" />

      <testcase classname="de.dnb.music.visitor.AdditionalDataIn3XXVisitorTest" name="testVisitSerialNumber" time="0.0" />

      <testcase classname="de.dnb.music.visitor.AdditionalDataIn3XXVisitorTest" name="testVisitPureNumber" time="0.0" />

      <testcase classname="de.dnb.music.visitor.AdditionalDataIn3XXVisitorTest" name="testVisitThematicIndexNumber" time="0.0" />

      <system-out><![CDATA[]]></system-out>

      <system-err><![CDATA[]]></system-err>

  </testsuite>
</testsuites>
